0 info it worked if it ends with ok
1 verbose cli [ '/usr/local/bin/node', '/usr/local/bin/npm', 'install', '-g', 'n' ]
2 info using npm@3.5.2
3 info using node@v13.1.0
4 verbose stack ReferenceError: primordials is not defined
4 verbose stack     at evalmachine.<anonymous>:27:26
4 verbose stack     at Object.<anonymous> (/usr/local/lib/node_modules/npm/node_modules/cmd-shim/node_modules/graceful-fs/fs.js:11:1)
4 verbose stack     at Module._compile (internal/modules/cjs/loader.js:1063:30)
4 verbose stack     at Object.Module._extensions..js (internal/modules/cjs/loader.js:1103:10)
4 verbose stack     at Module.load (internal/modules/cjs/loader.js:914:32)
4 verbose stack     at Function.Module._load (internal/modules/cjs/loader.js:822:14)
4 verbose stack     at Module.require (internal/modules/cjs/loader.js:956:19)
4 verbose stack     at require (internal/modules/cjs/helpers.js:74:18)
4 verbose stack     at Object.<anonymous> (/usr/local/lib/node_modules/npm/node_modules/cmd-shim/node_modules/graceful-fs/graceful-fs.js:3:27)
4 verbose stack     at Module._compile (internal/modules/cjs/loader.js:1063:30)
5 verbose cwd /home/contriverz1/Downloads/ionic3_to_ionic4
6 error Linux 4.15.0-70-generic
7 error argv "/usr/local/bin/node" "/usr/local/bin/npm" "install" "-g" "n"
8 error node v13.1.0
9 error npm  v3.5.2
10 error primordials is not defined
11 error If you need help, you may report this error at:
11 error     <https://github.com/npm/npm/issues>
12 verbose exit [ 1, true ]
